<?xml version="1.0" encoding="UTF-8"?>
<!-- Generated by org.testng.reporters.JUnitReportReporter -->
<testsuite hostname="Hugo-Tech-175" failures="0" tests="1" name="testCases.LoginInvalidTest" time="42.594" errors="0" timestamp="2022-01-14T01:37:12 WAT" skipped="0">
  <testcase classname="testCases.LoginInvalidTest" name="loginInvalid" time="42.594"/>
  <system-out/>
</testsuite> <!-- testCases.LoginInvalidTest -->
